Flow report for Multiple_Cycles_CPU
Mon Jun 10 22:26:31 2013
Quartus II 64-Bit Version 12.0 Build 178 05/31/2012 SJ Full Version


---------------------
; Table of Contents ;
---------------------
  1. Legal Notice
  2. Flow Summary
  3. Flow Settings
  4. Flow Non-Default Global Settings
  5. Flow Elapsed Time
  6. Flow OS Summary
  7. Flow Log



----------------
; Legal Notice ;
----------------
Copyright (C) 1991-2012 Altera Corporation
Your use of Altera Corporation's design tools, logic functions 
and other software and tools, and its AMPP partner logic 
functions, and any output files from any of the foregoing 
(including device programming or simulation files), and any 
associated documentation or information are expressly subject 
to the terms and conditions of the Altera Program License 
Subscription Agreement, Altera MegaCore Function License 
Agreement, or other applicable license agreement, including, 
without limitation, that your use is for the sole purpose of 
programming logic devices manufactured by Altera and sold by 
Altera or its authorized distributors.  Please refer to the 
applicable agreement for further details.



+--------------------------------------------------------------------------------+
; Flow Summary                                                                   ;
+------------------------------------+-------------------------------------------+
; Flow Status                        ; Successful - Mon Jun 10 22:26:31 2013     ;
; Quartus II 64-Bit Version          ; 12.0 Build 178 05/31/2012 SJ Full Version ;
; Revision Name                      ; Multiple_Cycles_CPU                       ;
; Top-level Entity Name              ; Multiple_Cycles_CPU                       ;
; Family                             ; Cyclone II                                ;
; Total logic elements               ; 13,200 / 68,416 ( 19 % )                  ;
;     Total combinational functions  ; 8,624 / 68,416 ( 13 % )                   ;
;     Dedicated logic registers      ; 9,365 / 68,416 ( 14 % )                   ;
; Total registers                    ; 9365                                      ;
; Total pins                         ; 572 / 622 ( 92 % )                        ;
; Total virtual pins                 ; 0                                         ;
; Total memory bits                  ; 1,024 / 1,152,000 ( < 1 % )               ;
; Embedded Multiplier 9-bit elements ; 0 / 300 ( 0 % )                           ;
; Total PLLs                         ; 0 / 4 ( 0 % )                             ;
; Device                             ; EP2C70F896C6                              ;
; Timing Models                      ; Final                                     ;
+------------------------------------+-------------------------------------------+


+-----------------------------------------+
; Flow Settings                           ;
+-------------------+---------------------+
; Option            ; Setting             ;
+-------------------+---------------------+
; Start date & time ; 06/10/2013 22:21:15 ;
; Main task         ; Compilation         ;
; Revision Name     ; Multiple_Cycles_CPU ;
+-------------------+---------------------+


+-----------------------------------------------------------------------------------------------------------------------------------------------+
; Flow Non-Default Global Settings                                                                                                              ;
+--------------------------------------+--------------------------------------------+---------------+-------------+-----------------------------+
; Assignment Name                      ; Value                                      ; Default Value ; Entity Name ; Section Id                  ;
+--------------------------------------+--------------------------------------------+---------------+-------------+-----------------------------+
; COMPILER_SIGNATURE_ID                ; 1095340235764.137087407006968              ; --            ; --          ; --                          ;
; EDA_DESIGN_INSTANCE_NAME             ; NA                                         ; --            ; --          ; Multiple_Cycles_CPU_vlg_tst ;
; EDA_NATIVELINK_SIMULATION_TEST_BENCH ; Multiple_Cycles_CPU_vlg_tst                ; --            ; --          ; eda_simulation              ;
; EDA_OUTPUT_DATA_FORMAT               ; Verilog Hdl                                ; --            ; --          ; eda_simulation              ;
; EDA_SIMULATION_TOOL                  ; ModelSim-Altera (Verilog)                  ; <None>        ; --          ; --                          ;
; EDA_TEST_BENCH_ENABLE_STATUS         ; TEST_BENCH_MODE                            ; --            ; --          ; eda_simulation              ;
; EDA_TEST_BENCH_FILE                  ; simulation/modelsim/Multiple_Cycles_CPU.vt ; --            ; --          ; Multiple_Cycles_CPU_vlg_tst ;
; EDA_TEST_BENCH_MODULE_NAME           ; Multiple_Cycles_CPU_vlg_tst                ; --            ; --          ; Multiple_Cycles_CPU_vlg_tst ;
; EDA_TEST_BENCH_NAME                  ; Multiple_Cycles_CPU_vlg_tst                ; --            ; --          ; eda_simulation              ;
; EDA_TIME_SCALE                       ; 1 ps                                       ; --            ; --          ; eda_simulation              ;
; PARTITION_COLOR                      ; 16764057                                   ; --            ; --          ; Top                         ;
; PARTITION_FITTER_PRESERVATION_LEVEL  ; PLACEMENT_AND_ROUTING                      ; --            ; --          ; Top                         ;
; PARTITION_NETLIST_TYPE               ; SOURCE                                     ; --            ; --          ; Top                         ;
; PROJECT_OUTPUT_DIRECTORY             ; .\release\                                 ; --            ; --          ; --                          ;
+--------------------------------------+--------------------------------------------+---------------+-------------+-----------------------------+


+-------------------------------------------------------------------------------------------------------------------------------+
; Flow Elapsed Time                                                                                                             ;
+---------------------------+--------------+-------------------------+---------------------+------------------------------------+
; Module Name               ; Elapsed Time ; Average Processors Used ; Peak Virtual Memory ; Total CPU Time (on all processors) ;
+---------------------------+--------------+-------------------------+---------------------+------------------------------------+
; Analysis & Synthesis      ; 00:00:46     ; 1.0                     ; 517 MB              ; 00:00:35                           ;
; Fitter                    ; 00:03:44     ; 2.6                     ; 836 MB              ; 00:05:19                           ;
; Assembler                 ; 00:00:23     ; 1.0                     ; 458 MB              ; 00:00:06                           ;
; TimeQuest Timing Analyzer ; 00:00:28     ; 2.7                     ; 657 MB              ; 00:00:20                           ;
; EDA Netlist Writer        ; 00:00:22     ; 1.0                     ; 502 MB              ; 00:00:09                           ;
; Total                     ; 00:05:43     ; --                      ; --                  ; 00:06:29                           ;
+---------------------------+--------------+-------------------------+---------------------+------------------------------------+


+----------------------------------------------------------------------------------------+
; Flow OS Summary                                                                        ;
+---------------------------+------------------+-----------+------------+----------------+
; Module Name               ; Machine Hostname ; OS Name   ; OS Version ; Processor type ;
+---------------------------+------------------+-----------+------------+----------------+
; Analysis & Synthesis      ; Roy              ; Windows 7 ; 6.2        ; x86_64         ;
; Fitter                    ; Roy              ; Windows 7 ; 6.2        ; x86_64         ;
; Assembler                 ; Roy              ; Windows 7 ; 6.2        ; x86_64         ;
; TimeQuest Timing Analyzer ; Roy              ; Windows 7 ; 6.2        ; x86_64         ;
; EDA Netlist Writer        ; Roy              ; Windows 7 ; 6.2        ; x86_64         ;
+---------------------------+------------------+-----------+------------+----------------+


------------
; Flow Log ;
------------
quartus_map --read_settings_files=on --write_settings_files=off Multiple_Cycles_CPU -c Multiple_Cycles_CPU
quartus_fit --read_settings_files=off --write_settings_files=off Multiple_Cycles_CPU -c Multiple_Cycles_CPU
quartus_asm --read_settings_files=off --write_settings_files=off Multiple_Cycles_CPU -c Multiple_Cycles_CPU
quartus_sta Multiple_Cycles_CPU -c Multiple_Cycles_CPU
quartus_eda --read_settings_files=off --write_settings_files=off Multiple_Cycles_CPU -c Multiple_Cycles_CPU



